#-----------------------------------------------------------
# Vivado v2018.1 (64-bit)
# SW Build 2188600 on Wed Apr  4 18:40:38 MDT 2018
# IP Build 2185939 on Wed Apr  4 20:55:05 MDT 2018
# Start of session at: Sun Jun 11 14:20:01 2023
# Process ID: 17364
# Current directory: C:/Users/Sandali Fernando/Desktop/nano/NanoProcessorProject
# Command line: vivado.exe -gui_launcher_event rodinguilauncherevent8104 C:\Users\Sandali Fernando\Desktop\nano\NanoProcessorProject\NanoProcessorProject.xpr
# Log file: C:/Users/Sandali Fernando/Desktop/nano/NanoProcessorProject/vivado.log
# Journal file: C:/Users/Sandali Fernando/Desktop/nano/NanoProcessorProject\vivado.jou
#-----------------------------------------------------------
start_gui
open_project {C:/Users/Sandali Fernando/Desktop/nano/NanoProcessorProject/NanoProcessorProject.xpr}
INFO: [Project 1-313] Project file moved from 'C:/Users/Sandali Fernando/Downloads/NanoProcessorProject' since last save.
Scanning sources...
Finished scanning sources
INFO: [IP_Flow 19-234] Refreshing IP repositories
INFO: [IP_Flow 19-1704] No user IP repositories specified
INFO: [IP_Flow 19-2313] Loaded Vivado IP repository 'D:/Vivado/Vivado/2018.1/data/ip'.
open_project: Time (s): cpu = 00:00:04 ; elapsed = 00:00:08 . Memory (MB): peak = 834.383 ; gain = 99.613
update_compile_order -fileset sources_1
reset_run synth_1
launch_runs impl_1 -to_step write_bitstream -jobs 4
[Sun Jun 11 19:15:41 2023] Launched synth_1...
Run output will be captured here: C:/Users/Sandali Fernando/Desktop/nano/NanoProcessorProject/NanoProcessorProject.runs/synth_1/runme.log
[Sun Jun 11 19:15:41 2023] Launched impl_1...
Run output will be captured here: C:/Users/Sandali Fernando/Desktop/nano/NanoProcessorProject/NanoProcessorProject.runs/impl_1/runme.log
open_run impl_1
INFO: [Netlist 29-17] Analyzing 10 Unisim elements for replacement
INFO: [Netlist 29-28] Unisim Transformation completed in 0 CPU seconds
INFO: [Project 1-479] Netlist was created with Vivado 2018.1
INFO: [Device 21-403] Loading part xc7a35tcpg236-1
INFO: [Project 1-570] Preparing netlist for logic optimization
INFO: [Timing 38-478] Restoring timing data from binary archive.
INFO: [Timing 38-479] Binary timing data restore complete.
INFO: [Project 1-856] Restoring constraints from binary archive.
INFO: [Project 1-853] Binary constraint restore complete.
Reading XDEF placement.
Reading placer database...
Reading XDEF routing.
Read XDEF File: Time (s): cpu = 00:00:00 ; elapsed = 00:00:00.134 . Memory (MB): peak = 1711.352 ; gain = 0.000
Restored from archive | CPU: 0.000000 secs | Memory: 0.000000 MB |
Finished XDEF File Restore: Time (s): cpu = 00:00:00 ; elapsed = 00:00:00.135 . Memory (MB): peak = 1711.352 ; gain = 0.000
INFO: [Project 1-111] Unisim Transformation Summary:
No Unisim elements were transformed.

open_run: Time (s): cpu = 00:00:47 ; elapsed = 00:01:00 . Memory (MB): peak = 1792.691 ; gain = 875.703
exit
INFO: [Common 17-206] Exiting Vivado at Sun Jun 11 19:42:43 2023...
